{"/home/runner/work/Notify-Webhook/Notify-Webhook/backend/src/app.controller.ts": {"path":"/home/runner/work/Notify-Webhook/Notify-Webhook/backend/src/app.controller.ts","statementMap":{"0":{"start":{"line":1,"column":0},"end":{"line":1,"column":49}},"1":{"start":{"line":2,"column":0},"end":{"line":2,"column":43}},"2":{"start":{"line":5,"column":7},"end":{"line":12,"column":null}},"3":{"start":{"line":6,"column":31},"end":{"line":6,"column":43}},"4":{"start":{"line":10,"column":4},"end":{"line":10,"column":38}},"5":{"start":{"line":5,"column":13},"end":{"line":5,"column":26}},"6":{"start":{"line":9,"column":2},"end":{"line":11,"column":null}},"7":{"start":{"line":5,"column":13},"end":{"line":12,"column":null}}},"fnMap":{"0":{"name":"(anonymous_2)","decl":{"start":{"line":6,"column":2},"end":{"line":6,"column":31}},"loc":{"start":{"line":6,"column":53},"end":{"line":6,"column":57}}},"1":{"name":"(anonymous_3)","decl":{"start":{"line":9,"column":2},"end":{"line":9,"column":10}},"loc":{"start":{"line":9,"column":10},"end":{"line":11,"column":3}}}},"branchMap":{},"s":{"0":1,"1":1,"2":1,"3":1,"4":1,"5":1,"6":1,"7":1},"f":{"0":1,"1":1},"b":{}}
,"/home/runner/work/Notify-Webhook/Notify-Webhook/backend/src/app.module.ts": {"path":"/home/runner/work/Notify-Webhook/Notify-Webhook/backend/src/app.module.ts","statementMap":{"0":{"start":{"line":1,"column":0},"end":{"line":1,"column":40}},"1":{"start":{"line":2,"column":0},"end":{"line":2,"column":61}},"2":{"start":{"line":3,"column":0},"end":{"line":3,"column":48}},"3":{"start":{"line":4,"column":0},"end":{"line":4,"column":49}},"4":{"start":{"line":5,"column":0},"end":{"line":5,"column":43}},"5":{"start":{"line":6,"column":0},"end":{"line":6,"column":60}},"6":{"start":{"line":7,"column":0},"end":{"line":7,"column":75}},"7":{"start":{"line":8,"column":0},"end":{"line":8,"column":61}},"8":{"start":{"line":9,"column":0},"end":{"line":9,"column":41}},"9":{"start":{"line":43,"column":7},"end":{"line":43,"column":null}},"10":{"start":{"line":43,"column":13},"end":{"line":43,"column":22}},"11":{"start":{"line":43,"column":13},"end":{"line":43,"column":null}},"12":{"start":{"line":22,"column":25},"end":{"line":22,"column":71}},"13":{"start":{"line":23,"column":8},"end":{"line":33,"column":10}}},"fnMap":{"0":{"name":"(anonymous_1)","decl":{"start":{"line":21,"column":18},"end":{"line":21,"column":19}},"loc":{"start":{"line":21,"column":51},"end":{"line":34,"column":7}}}},"branchMap":{},"s":{"0":0,"1":0,"2":0,"3":0,"4":0,"5":0,"6":0,"7":0,"8":0,"9":0,"10":0,"11":0,"12":0,"13":0},"f":{"0":0},"b":{}}
,"/home/runner/work/Notify-Webhook/Notify-Webhook/backend/src/app.service.ts": {"path":"/home/runner/work/Notify-Webhook/Notify-Webhook/backend/src/app.service.ts","statementMap":{"0":{"start":{"line":1,"column":0},"end":{"line":1,"column":44}},"1":{"start":{"line":4,"column":7},"end":{"line":8,"column":null}},"2":{"start":{"line":6,"column":4},"end":{"line":6,"column":26}},"3":{"start":{"line":4,"column":13},"end":{"line":4,"column":23}},"4":{"start":{"line":4,"column":13},"end":{"line":8,"column":null}}},"fnMap":{"0":{"name":"(anonymous_1)","decl":{"start":{"line":5,"column":2},"end":{"line":5,"column":10}},"loc":{"start":{"line":5,"column":10},"end":{"line":7,"column":3}}}},"branchMap":{},"s":{"0":1,"1":1,"2":1,"3":1,"4":1},"f":{"0":1},"b":{}}
,"/home/runner/work/Notify-Webhook/Notify-Webhook/backend/src/main.ts": {"path":"/home/runner/work/Notify-Webhook/Notify-Webhook/backend/src/main.ts","statementMap":{"0":{"start":{"line":1,"column":0},"end":{"line":1,"column":43}},"1":{"start":{"line":2,"column":0},"end":{"line":2,"column":47}},"2":{"start":{"line":3,"column":0},"end":{"line":3,"column":41}},"3":{"start":{"line":4,"column":0},"end":{"line":4,"column":65}},"4":{"start":{"line":8,"column":14},"end":{"line":8,"column":49}},"5":{"start":{"line":9,"column":24},"end":{"line":9,"column":46}},"6":{"start":{"line":12,"column":20},"end":{"line":12,"column":56}},"7":{"start":{"line":13,"column":21},"end":{"line":13,"column":59}},"8":{"start":{"line":14,"column":24},"end":{"line":14,"column":68}},"9":{"start":{"line":15,"column":24},"end":{"line":15,"column":68}},"10":{"start":{"line":16,"column":25},"end":{"line":16,"column":71}},"11":{"start":{"line":19,"column":2},"end":{"line":22,"column":5}},"12":{"start":{"line":26,"column":2},"end":{"line":84,"column":3}},"13":{"start":{"line":27,"column":4},"end":{"line":27,"column":90}},"14":{"start":{"line":29,"column":19},"end":{"line":60,"column":14}},"15":{"start":{"line":62,"column":21},"end":{"line":62,"column":62}},"16":{"start":{"line":63,"column":4},"end":{"line":79,"column":7}},"17":{"start":{"line":81,"column":4},"end":{"line":81,"column":115}},"18":{"start":{"line":83,"column":4},"end":{"line":83,"column":91}},"19":{"start":{"line":86,"column":2},"end":{"line":86,"column":35}},"20":{"start":{"line":87,"column":2},"end":{"line":87,"column":82}},"21":{"start":{"line":88,"column":2},"end":{"line":88,"column":58}},"22":{"start":{"line":89,"column":2},"end":{"line":89,"column":59}},"23":{"start":{"line":91,"column":0},"end":{"line":91,"column":17}}},"fnMap":{"0":{"name":"bootstrap","decl":{"start":{"line":7,"column":15},"end":{"line":7,"column":24}},"loc":{"start":{"line":7,"column":24},"end":{"line":90,"column":1}}}},"branchMap":{"0":{"loc":{"start":{"line":26,"column":2},"end":{"line":84,"column":3}},"type":"if","locations":[{"start":{"line":26,"column":2},"end":{"line":84,"column":3}},{"start":{"line":82,"column":9},"end":{"line":84,"column":3}}]},"1":{"loc":{"start":{"line":68,"column":50},"end":{"line":68,"column":162}},"type":"cond-expr","locations":[{"start":{"line":68,"column":91},"end":{"line":68,"column":100}},{"start":{"line":68,"column":103},"end":{"line":68,"column":162}}]},"2":{"loc":{"start":{"line":68,"column":103},"end":{"line":68,"column":162}},"type":"cond-expr","locations":[{"start":{"line":68,"column":141},"end":{"line":68,"column":150}},{"start":{"line":68,"column":153},"end":{"line":68,"column":162}}]}},"s":{"0":0,"1":0,"2":0,"3":0,"4":0,"5":0,"6":0,"7":0,"8":0,"9":0,"10":0,"11":0,"12":0,"13":0,"14":0,"15":0,"16":0,"17":0,"18":0,"19":0,"20":0,"21":0,"22":0,"23":0},"f":{"0":0},"b":{"0":[0,0],"1":[0,0],"2":[0,0]}}
,"/home/runner/work/Notify-Webhook/Notify-Webhook/backend/src/config/configuration.ts": {"path":"/home/runner/work/Notify-Webhook/Notify-Webhook/backend/src/config/configuration.ts","statementMap":{"0":{"start":{"line":1,"column":0},"end":{"line":1,"column":44}},"1":{"start":{"line":2,"column":0},"end":{"line":2,"column":null}},"2":{"start":{"line":12,"column":13},"end":{"line":29,"column":3}},"3":{"start":{"line":13,"column":18},"end":{"line":13,"column":75}},"4":{"start":{"line":15,"column":2},"end":{"line":28,"column":4}},"5":{"start":{"line":31,"column":13},"end":{"line":44,"column":3}},"6":{"start":{"line":32,"column":18},"end":{"line":32,"column":75}},"7":{"start":{"line":34,"column":2},"end":{"line":43,"column":4}},"8":{"start":{"line":46,"column":13},"end":{"line":55,"column":3}},"9":{"start":{"line":47,"column":18},"end":{"line":47,"column":75}},"10":{"start":{"line":49,"column":2},"end":{"line":54,"column":4}},"11":{"start":{"line":57,"column":13},"end":{"line":67,"column":3}},"12":{"start":{"line":58,"column":21},"end":{"line":58,"column":86}},"13":{"start":{"line":59,"column":18},"end":{"line":59,"column":68}},"14":{"start":{"line":59,"column":54},"end":{"line":59,"column":67}},"15":{"start":{"line":61,"column":2},"end":{"line":66,"column":4}},"16":{"start":{"line":69,"column":13},"end":{"line":76,"column":2}},"17":{"start":{"line":71,"column":24},"end":{"line":75,"column":4}}},"fnMap":{"0":{"name":"(anonymous_0)","decl":{"start":{"line":12,"column":53},"end":{"line":12,"column":72}},"loc":{"start":{"line":12,"column":74},"end":{"line":29,"column":1}}},"1":{"name":"(anonymous_1)","decl":{"start":{"line":31,"column":43},"end":{"line":31,"column":57}},"loc":{"start":{"line":31,"column":59},"end":{"line":44,"column":1}}},"2":{"name":"(anonymous_2)","decl":{"start":{"line":46,"column":51},"end":{"line":46,"column":69}},"loc":{"start":{"line":46,"column":71},"end":{"line":55,"column":1}}},"3":{"name":"(anonymous_3)","decl":{"start":{"line":57,"column":45},"end":{"line":57,"column":60}},"loc":{"start":{"line":57,"column":62},"end":{"line":67,"column":1}}},"4":{"name":"(anonymous_4)","decl":{"start":{"line":59,"column":44},"end":{"line":59,"column":50}},"loc":{"start":{"line":59,"column":54},"end":{"line":59,"column":67}}},"5":{"name":"(anonymous_5)","decl":{"start":{"line":71,"column":2},"end":{"line":71,"column":20}},"loc":{"start":{"line":71,"column":24},"end":{"line":75,"column":4}}}},"branchMap":{"0":{"loc":{"start":{"line":13,"column":18},"end":{"line":13,"column":75}},"type":"binary-expr","locations":[{"start":{"line":13,"column":18},"end":{"line":13,"column":48}},{"start":{"line":13,"column":52},"end":{"line":13,"column":75}}]},"1":{"loc":{"start":{"line":16,"column":11},"end":{"line":16,"column":66}},"type":"binary-expr","locations":[{"start":{"line":16,"column":11},"end":{"line":16,"column":40}},{"start":{"line":16,"column":44},"end":{"line":16,"column":66}}]},"2":{"loc":{"start":{"line":18,"column":10},"end":{"line":18,"column":98}},"type":"cond-expr","locations":[{"start":{"line":18,"column":42},"end":{"line":18,"column":86}},{"start":{"line":18,"column":89},"end":{"line":18,"column":98}}]},"3":{"loc":{"start":{"line":21,"column":14},"end":{"line":21,"column":77}},"type":"binary-expr","locations":[{"start":{"line":21,"column":14},"end":{"line":21,"column":47}},{"start":{"line":21,"column":51},"end":{"line":21,"column":77}}]},"4":{"loc":{"start":{"line":22,"column":17},"end":{"line":24,"column":36}},"type":"cond-expr","locations":[{"start":{"line":23,"column":8},"end":{"line":23,"column":55}},{"start":{"line":24,"column":8},"end":{"line":24,"column":36}}]},"5":{"loc":{"start":{"line":25,"column":13},"end":{"line":27,"column":38}},"type":"cond-expr","locations":[{"start":{"line":26,"column":8},"end":{"line":26,"column":51}},{"start":{"line":27,"column":8},"end":{"line":27,"column":38}}]},"6":{"loc":{"start":{"line":32,"column":18},"end":{"line":32,"column":75}},"type":"binary-expr","locations":[{"start":{"line":32,"column":18},"end":{"line":32,"column":48}},{"start":{"line":32,"column":52},"end":{"line":32,"column":75}}]},"7":{"loc":{"start":{"line":35,"column":10},"end":{"line":35,"column":102}},"type":"cond-expr","locations":[{"start":{"line":35,"column":39},"end":{"line":35,"column":80}},{"start":{"line":35,"column":83},"end":{"line":35,"column":102}}]},"8":{"loc":{"start":{"line":40,"column":10},"end":{"line":40,"column":67}},"type":"binary-expr","locations":[{"start":{"line":40,"column":10},"end":{"line":40,"column":40}},{"start":{"line":40,"column":44},"end":{"line":40,"column":67}}]},"9":{"loc":{"start":{"line":41,"column":13},"end":{"line":41,"column":76}},"type":"binary-expr","locations":[{"start":{"line":41,"column":13},"end":{"line":41,"column":46}},{"start":{"line":41,"column":50},"end":{"line":41,"column":76}}]},"10":{"loc":{"start":{"line":42,"column":17},"end":{"line":42,"column":88}},"type":"binary-expr","locations":[{"start":{"line":42,"column":17},"end":{"line":42,"column":54}},{"start":{"line":42,"column":58},"end":{"line":42,"column":88}}]},"11":{"loc":{"start":{"line":47,"column":18},"end":{"line":47,"column":75}},"type":"binary-expr","locations":[{"start":{"line":47,"column":18},"end":{"line":47,"column":48}},{"start":{"line":47,"column":52},"end":{"line":47,"column":75}}]},"12":{"loc":{"start":{"line":50,"column":13},"end":{"line":52,"column":36}},"type":"cond-expr","locations":[{"start":{"line":51,"column":8},"end":{"line":51,"column":57}},{"start":{"line":52,"column":8},"end":{"line":52,"column":36}}]},"13":{"loc":{"start":{"line":53,"column":10},"end":{"line":53,"column":77}},"type":"binary-expr","locations":[{"start":{"line":53,"column":10},"end":{"line":53,"column":45}},{"start":{"line":53,"column":49},"end":{"line":53,"column":77}}]},"14":{"loc":{"start":{"line":58,"column":21},"end":{"line":58,"column":86}},"type":"binary-expr","locations":[{"start":{"line":58,"column":21},"end":{"line":58,"column":55}},{"start":{"line":58,"column":59},"end":{"line":58,"column":86}}]},"15":{"loc":{"start":{"line":63,"column":17},"end":{"line":65,"column":39}},"type":"cond-expr","locations":[{"start":{"line":64,"column":8},"end":{"line":64,"column":57}},{"start":{"line":65,"column":8},"end":{"line":65,"column":39}}]},"16":{"loc":{"start":{"line":72,"column":10},"end":{"line":72,"column":75}},"type":"binary-expr","locations":[{"start":{"line":72,"column":10},"end":{"line":72,"column":44}},{"start":{"line":72,"column":48},"end":{"line":72,"column":75}}]},"17":{"loc":{"start":{"line":73,"column":9},"end":{"line":73,"column":72}},"type":"binary-expr","locations":[{"start":{"line":73,"column":9},"end":{"line":73,"column":42}},{"start":{"line":73,"column":46},"end":{"line":73,"column":72}}]},"18":{"loc":{"start":{"line":74,"column":11},"end":{"line":74,"column":78}},"type":"binary-expr","locations":[{"start":{"line":74,"column":11},"end":{"line":74,"column":46}},{"start":{"line":74,"column":50},"end":{"line":74,"column":78}}]}},"s":{"0":0,"1":0,"2":0,"3":0,"4":0,"5":0,"6":0,"7":0,"8":0,"9":0,"10":0,"11":0,"12":0,"13":0,"14":0,"15":0,"16":0,"17":0},"f":{"0":0,"1":0,"2":0,"3":0,"4":0,"5":0},"b":{"0":[0,0],"1":[0,0],"2":[0,0],"3":[0,0],"4":[0,0],"5":[0,0],"6":[0,0],"7":[0,0],"8":[0,0],"9":[0,0],"10":[0,0],"11":[0,0],"12":[0,0],"13":[0,0],"14":[0,0],"15":[0,0],"16":[0,0],"17":[0,0],"18":[0,0]}}
,"/home/runner/work/Notify-Webhook/Notify-Webhook/backend/src/config/env.constants.ts": {"path":"/home/runner/work/Notify-Webhook/Notify-Webhook/backend/src/config/env.constants.ts","statementMap":{"0":{"start":{"line":79,"column":0},"end":{"line":79,"column":16}},"1":{"start":{"line":87,"column":0},"end":{"line":87,"column":16}},"2":{"start":{"line":95,"column":0},"end":{"line":95,"column":16}},"3":{"start":{"line":6,"column":13},"end":{"line":39,"column":11}},"4":{"start":{"line":41,"column":13},"end":{"line":45,"column":11}},"5":{"start":{"line":49,"column":13},"end":{"line":66,"column":11}},"6":{"start":{"line":71,"column":13},"end":{"line":74,"column":2}},"7":{"start":{"line":81,"column":2},"end":{"line":81,"column":44}},"8":{"start":{"line":89,"column":2},"end":{"line":89,"column":45}},"9":{"start":{"line":97,"column":2},"end":{"line":97,"column":45}}},"fnMap":{"0":{"name":"shouldEnableApiDocs","decl":{"start":{"line":79,"column":16},"end":{"line":79,"column":35}},"loc":{"start":{"line":79,"column":51},"end":{"line":82,"column":1}}},"1":{"name":"shouldSynchronizeDb","decl":{"start":{"line":87,"column":16},"end":{"line":87,"column":35}},"loc":{"start":{"line":87,"column":51},"end":{"line":90,"column":1}}},"2":{"name":"shouldEnableDbLogging","decl":{"start":{"line":95,"column":16},"end":{"line":95,"column":37}},"loc":{"start":{"line":95,"column":53},"end":{"line":98,"column":1}}}},"branchMap":{},"s":{"0":0,"1":0,"2":0,"3":0,"4":0,"5":0,"6":0,"7":0,"8":0,"9":0},"f":{"0":0,"1":0,"2":0},"b":{}}
,"/home/runner/work/Notify-Webhook/Notify-Webhook/backend/src/config/env.validation.ts": {"path":"/home/runner/work/Notify-Webhook/Notify-Webhook/backend/src/config/env.validation.ts","statementMap":{"0":{"start":{"line":8,"column":0},"end":{"line":8,"column":16}},"1":{"start":{"line":2,"column":0},"end":{"line":2,"column":102}},"2":{"start":{"line":3,"column":0},"end":{"line":3,"column":104}},"3":{"start":{"line":9,"column":27},"end":{"line":9,"column":29}},"4":{"start":{"line":12,"column":2},"end":{"line":16,"column":3}},"5":{"start":{"line":13,"column":4},"end":{"line":15,"column":5}},"6":{"start":{"line":14,"column":6},"end":{"line":14,"column":75}},"7":{"start":{"line":18,"column":2},"end":{"line":20,"column":3}},"8":{"start":{"line":19,"column":4},"end":{"line":19,"column":76}},"9":{"start":{"line":23,"column":27},"end":{"line":23,"column":90}},"10":{"start":{"line":24,"column":28},"end":{"line":24,"column":54}},"11":{"start":{"line":25,"column":2},"end":{"line":28,"column":3}},"12":{"start":{"line":26,"column":4},"end":{"line":26,"column":93}},"13":{"start":{"line":27,"column":4},"end":{"line":27,"column":56}},"14":{"start":{"line":31,"column":35},"end":{"line":31,"column":78}},"15":{"start":{"line":32,"column":2},"end":{"line":35,"column":3}},"16":{"start":{"line":33,"column":4},"end":{"line":33,"column":82}},"17":{"start":{"line":34,"column":4},"end":{"line":34,"column":59}},"18":{"start":{"line":38,"column":24},"end":{"line":43,"column":4}},"19":{"start":{"line":45,"column":2},"end":{"line":50,"column":3}},"20":{"start":{"line":46,"column":26},"end":{"line":46,"column":49}},"21":{"start":{"line":47,"column":4},"end":{"line":49,"column":5}},"22":{"start":{"line":48,"column":6},"end":{"line":48,"column":97}},"23":{"start":{"line":52,"column":2},"end":{"line":52,"column":16}},"24":{"start":{"line":58,"column":13},"end":{"line":67,"column":2}}},"fnMap":{"0":{"name":"validateEnv","decl":{"start":{"line":8,"column":16},"end":{"line":8,"column":27}},"loc":{"start":{"line":8,"column":55},"end":{"line":53,"column":1}}}},"branchMap":{"0":{"loc":{"start":{"line":13,"column":4},"end":{"line":15,"column":5}},"type":"if","locations":[{"start":{"line":13,"column":4},"end":{"line":15,"column":5}}]},"1":{"loc":{"start":{"line":18,"column":2},"end":{"line":20,"column":3}},"type":"if","locations":[{"start":{"line":18,"column":2},"end":{"line":20,"column":3}}]},"2":{"loc":{"start":{"line":23,"column":27},"end":{"line":23,"column":90}},"type":"binary-expr","locations":[{"start":{"line":23,"column":27},"end":{"line":23,"column":63}},{"start":{"line":23,"column":67},"end":{"line":23,"column":90}}]},"3":{"loc":{"start":{"line":25,"column":2},"end":{"line":28,"column":3}},"type":"if","locations":[{"start":{"line":25,"column":2},"end":{"line":28,"column":3}}]},"4":{"loc":{"start":{"line":32,"column":2},"end":{"line":35,"column":3}},"type":"if","locations":[{"start":{"line":32,"column":2},"end":{"line":35,"column":3}}]},"5":{"loc":{"start":{"line":32,"column":6},"end":{"line":32,"column":79}},"type":"binary-expr","locations":[{"start":{"line":32,"column":6},"end":{"line":32,"column":10}},{"start":{"line":32,"column":15},"end":{"line":32,"column":34}},{"start":{"line":32,"column":38},"end":{"line":32,"column":54}},{"start":{"line":32,"column":58},"end":{"line":32,"column":78}}]},"6":{"loc":{"start":{"line":47,"column":4},"end":{"line":49,"column":5}},"type":"if","locations":[{"start":{"line":47,"column":4},"end":{"line":49,"column":5}}]},"7":{"loc":{"start":{"line":47,"column":8},"end":{"line":47,"column":51}},"type":"binary-expr","locations":[{"start":{"line":47,"column":8},"end":{"line":47,"column":13}},{"start":{"line":47,"column":17},"end":{"line":47,"column":51}}]},"8":{"loc":{"start":{"line":60,"column":24},"end":{"line":60,"column":61}},"type":"binary-expr","locations":[{"start":{"line":60,"column":24},"end":{"line":60,"column":44}},{"start":{"line":60,"column":48},"end":{"line":60,"column":61}}]}},"s":{"0":0,"1":0,"2":0,"3":0,"4":0,"5":0,"6":0,"7":0,"8":0,"9":0,"10":0,"11":0,"12":0,"13":0,"14":0,"15":0,"16":0,"17":0,"18":0,"19":0,"20":0,"21":0,"22":0,"23":0,"24":0},"f":{"0":0},"b":{"0":[0],"1":[0],"2":[0,0],"3":[0],"4":[0],"5":[0,0,0,0],"6":[0],"7":[0,0],"8":[0,0]}}
,"/home/runner/work/Notify-Webhook/Notify-Webhook/backend/src/config/index.ts": {"path":"/home/runner/work/Notify-Webhook/Notify-Webhook/backend/src/config/index.ts","statementMap":{"0":{"start":{"line":1,"column":0},"end":{"line":1,"column":32}},"1":{"start":{"line":2,"column":0},"end":{"line":2,"column":32}},"2":{"start":{"line":3,"column":0},"end":{"line":3,"column":33}},"3":{"start":{"line":4,"column":0},"end":{"line":4,"column":31}}},"fnMap":{},"branchMap":{},"s":{"0":0,"1":0,"2":0,"3":0},"f":{},"b":{}}
,"/home/runner/work/Notify-Webhook/Notify-Webhook/backend/src/notifications/notifications.controller.ts": {"path":"/home/runner/work/Notify-Webhook/Notify-Webhook/backend/src/notifications/notifications.controller.ts","statementMap":{"0":{"start":{"line":1,"column":0},"end":{"line":1,"column":56}},"1":{"start":{"line":2,"column":0},"end":{"line":2,"column":69}},"2":{"start":{"line":3,"column":0},"end":{"line":3,"column":63}},"3":{"start":{"line":4,"column":0},"end":{"line":4,"column":86}},"4":{"start":{"line":8,"column":7},"end":{"line":23,"column":null}},"5":{"start":{"line":9,"column":31},"end":{"line":9,"column":53}},"6":{"start":{"line":21,"column":4},"end":{"line":21,"column":81}},"7":{"start":{"line":8,"column":13},"end":{"line":8,"column":36}},"8":{"start":{"line":20,"column":8},"end":{"line":22,"column":null}},"9":{"start":{"line":8,"column":13},"end":{"line":23,"column":null}}},"fnMap":{"0":{"name":"(anonymous_4)","decl":{"start":{"line":9,"column":2},"end":{"line":9,"column":31}},"loc":{"start":{"line":9,"column":73},"end":{"line":9,"column":77}}},"1":{"name":"(anonymous_5)","decl":{"start":{"line":20,"column":2},"end":{"line":20,"column":7}},"loc":{"start":{"line":20,"column":73},"end":{"line":22,"column":3}}}},"branchMap":{},"s":{"0":1,"1":1,"2":1,"3":1,"4":1,"5":3,"6":2,"7":1,"8":1,"9":1},"f":{"0":3,"1":2},"b":{}}
,"/home/runner/work/Notify-Webhook/Notify-Webhook/backend/src/notifications/notifications.module.ts": {"path":"/home/runner/work/Notify-Webhook/Notify-Webhook/backend/src/notifications/notifications.module.ts","statementMap":{"0":{"start":{"line":1,"column":0},"end":{"line":1,"column":52}},"1":{"start":{"line":2,"column":0},"end":{"line":2,"column":69}},"2":{"start":{"line":3,"column":0},"end":{"line":3,"column":63}},"3":{"start":{"line":4,"column":0},"end":{"line":4,"column":61}},"4":{"start":{"line":12,"column":7},"end":{"line":12,"column":null}},"5":{"start":{"line":12,"column":13},"end":{"line":12,"column":32}},"6":{"start":{"line":12,"column":13},"end":{"line":12,"column":null}},"7":{"start":{"line":7,"column":29},"end":{"line":7,"column":43}}},"fnMap":{"0":{"name":"(anonymous_1)","decl":{"start":{"line":7,"column":23},"end":{"line":7,"column":26}},"loc":{"start":{"line":7,"column":29},"end":{"line":7,"column":43}}}},"branchMap":{},"s":{"0":0,"1":0,"2":0,"3":0,"4":0,"5":0,"6":0,"7":0},"f":{"0":0},"b":{}}
,"/home/runner/work/Notify-Webhook/Notify-Webhook/backend/src/notifications/notifications.service.ts": {"path":"/home/runner/work/Notify-Webhook/Notify-Webhook/backend/src/notifications/notifications.service.ts","statementMap":{"0":{"start":{"line":1,"column":0},"end":{"line":1,"column":64}},"1":{"start":{"line":2,"column":0},"end":{"line":2,"column":63}},"2":{"start":{"line":4,"column":0},"end":{"line":4,"column":67}},"3":{"start":{"line":21,"column":7},"end":{"line":109,"column":null}},"4":{"start":{"line":24,"column":21},"end":{"line":24,"column":38}},"5":{"start":{"line":28,"column":53},"end":{"line":28,"column":72}},"6":{"start":{"line":29,"column":21},"end":{"line":29,"column":88}},"7":{"start":{"line":31,"column":4},"end":{"line":73,"column":5}},"8":{"start":{"line":32,"column":22},"end":{"line":32,"column":67}},"9":{"start":{"line":34,"column":6},"end":{"line":39,"column":7}},"10":{"start":{"line":35,"column":8},"end":{"line":38,"column":10}},"11":{"start":{"line":42,"column":30},"end":{"line":42,"column":60}},"12":{"start":{"line":43,"column":82},"end":{"line":43,"column":84}},"13":{"start":{"line":46,"column":6},"end":{"line":61,"column":7}},"14":{"start":{"line":47,"column":8},"end":{"line":60,"column":9}},"15":{"start":{"line":48,"column":25},"end":{"line":53,"column":12}},"16":{"start":{"line":54,"column":10},"end":{"line":54,"column":45}},"17":{"start":{"line":56,"column":10},"end":{"line":59,"column":12}},"18":{"start":{"line":63,"column":6},"end":{"line":67,"column":8}},"19":{"start":{"line":69,"column":6},"end":{"line":72,"column":8}},"20":{"start":{"line":78,"column":4},"end":{"line":78,"column":49}},"21":{"start":{"line":80,"column":4},"end":{"line":89,"column":5}},"22":{"start":{"line":82,"column":8},"end":{"line":82,"column":46}},"23":{"start":{"line":84,"column":8},"end":{"line":84,"column":43}},"24":{"start":{"line":86,"column":8},"end":{"line":86,"column":47}},"25":{"start":{"line":88,"column":8},"end":{"line":88,"column":71}},"26":{"start":{"line":94,"column":4},"end":{"line":94,"column":45}},"27":{"start":{"line":95,"column":4},"end":{"line":95,"column":90}},"28":{"start":{"line":100,"column":4},"end":{"line":100,"column":42}},"29":{"start":{"line":101,"column":4},"end":{"line":101,"column":87}},"30":{"start":{"line":106,"column":4},"end":{"line":106,"column":46}},"31":{"start":{"line":107,"column":4},"end":{"line":107,"column":91}},"32":{"start":{"line":21,"column":13},"end":{"line":21,"column":33}},"33":{"start":{"line":21,"column":13},"end":{"line":109,"column":null}},"34":{"start":{"line":23,"column":29},"end":{"line":23,"column":44}}},"fnMap":{"0":{"name":"(anonymous_4)","decl":{"start":{"line":22,"column":2},"end":{"line":22,"column":null}},"loc":{"start":{"line":24,"column":53},"end":{"line":25,"column":6}}},"1":{"name":"(anonymous_5)","decl":{"start":{"line":27,"column":2},"end":{"line":27,"column":7}},"loc":{"start":{"line":27,"column":65},"end":{"line":74,"column":3}}},"2":{"name":"(anonymous_6)","decl":{"start":{"line":76,"column":10},"end":{"line":76,"column":15}},"loc":{"start":{"line":76,"column":81},"end":{"line":90,"column":3}}},"3":{"name":"(anonymous_7)","decl":{"start":{"line":92,"column":10},"end":{"line":92,"column":15}},"loc":{"start":{"line":92,"column":48},"end":{"line":96,"column":3}}},"4":{"name":"(anonymous_8)","decl":{"start":{"line":98,"column":10},"end":{"line":98,"column":15}},"loc":{"start":{"line":98,"column":45},"end":{"line":102,"column":3}}},"5":{"name":"(anonymous_9)","decl":{"start":{"line":104,"column":10},"end":{"line":104,"column":15}},"loc":{"start":{"line":104,"column":49},"end":{"line":108,"column":3}}},"6":{"name":"(anonymous_10)","decl":{"start":{"line":23,"column":23},"end":{"line":23,"column":26}},"loc":{"start":{"line":23,"column":29},"end":{"line":23,"column":44}}}},"branchMap":{"0":{"loc":{"start":{"line":34,"column":6},"end":{"line":39,"column":7}},"type":"if","locations":[{"start":{"line":34,"column":6},"end":{"line":39,"column":7}}]},"1":{"loc":{"start":{"line":42,"column":30},"end":{"line":42,"column":60}},"type":"binary-expr","locations":[{"start":{"line":42,"column":30},"end":{"line":42,"column":39}},{"start":{"line":42,"column":43},"end":{"line":42,"column":60}}]},"2":{"loc":{"start":{"line":51,"column":22},"end":{"line":51,"column":36}},"type":"binary-expr","locations":[{"start":{"line":51,"column":22},"end":{"line":51,"column":30}},{"start":{"line":51,"column":34},"end":{"line":51,"column":36}}]},"3":{"loc":{"start":{"line":52,"column":21},"end":{"line":52,"column":88}},"type":"binary-expr","locations":[{"start":{"line":52,"column":21},"end":{"line":52,"column":82}},{"start":{"line":52,"column":86},"end":{"line":52,"column":88}}]},"4":{"loc":{"start":{"line":58,"column":19},"end":{"line":58,"column":84}},"type":"cond-expr","locations":[{"start":{"line":58,"column":44},"end":{"line":58,"column":57}},{"start":{"line":58,"column":60},"end":{"line":58,"column":84}}]},"5":{"loc":{"start":{"line":71,"column":17},"end":{"line":71,"column":82}},"type":"cond-expr","locations":[{"start":{"line":71,"column":42},"end":{"line":71,"column":55}},{"start":{"line":71,"column":58},"end":{"line":71,"column":82}}]},"6":{"loc":{"start":{"line":80,"column":4},"end":{"line":89,"column":5}},"type":"switch","locations":[{"start":{"line":81,"column":6},"end":{"line":82,"column":46}},{"start":{"line":83,"column":6},"end":{"line":84,"column":43}},{"start":{"line":85,"column":6},"end":{"line":86,"column":47}},{"start":{"line":87,"column":6},"end":{"line":88,"column":71}}]}},"s":{"0":2,"1":2,"2":2,"3":2,"4":7,"5":6,"6":6,"7":6,"8":6,"9":5,"10":1,"11":4,"12":4,"13":4,"14":4,"15":4,"16":4,"17":0,"18":4,"19":1,"20":4,"21":4,"22":3,"23":0,"24":1,"25":0,"26":3,"27":3,"28":0,"29":0,"30":1,"31":1,"32":2,"33":2,"34":7},"f":{"0":7,"1":6,"2":4,"3":3,"4":0,"5":1,"6":7},"b":{"0":[1],"1":[4,2],"2":[4,3],"3":[4,0],"4":[0,0],"5":[1,0],"6":[3,0,1,0]}}
,"/home/runner/work/Notify-Webhook/Notify-Webhook/backend/src/notifications/dto/notification.dto.ts": {"path":"/home/runner/work/Notify-Webhook/Notify-Webhook/backend/src/notifications/dto/notification.dto.ts","statementMap":{"0":{"start":{"line":1,"column":0},"end":{"line":1,"column":46}},"1":{"start":{"line":2,"column":0},"end":{"line":2,"column":70}},"2":{"start":{"line":4,"column":0},"end":{"line":4,"column":13}},"3":{"start":{"line":9,"column":2},"end":{"line":9,"column":null}},"4":{"start":{"line":15,"column":2},"end":{"line":15,"column":null}},"5":{"start":{"line":22,"column":2},"end":{"line":22,"column":null}},"6":{"start":{"line":31,"column":2},"end":{"line":31,"column":null}},"7":{"start":{"line":42,"column":2},"end":{"line":42,"column":null}},"8":{"start":{"line":45,"column":0},"end":{"line":45,"column":13}},"9":{"start":{"line":50,"column":2},"end":{"line":50,"column":null}},"10":{"start":{"line":56,"column":2},"end":{"line":56,"column":null}},"11":{"start":{"line":69,"column":2},"end":{"line":69,"column":null}}},"fnMap":{},"branchMap":{},"s":{"0":1,"1":1,"2":1,"3":1,"4":1,"5":1,"6":1,"7":1,"8":1,"9":1,"10":1,"11":1},"f":{},"b":{}}
,"/home/runner/work/Notify-Webhook/Notify-Webhook/backend/src/webhooks/webhooks.controller.ts": {"path":"/home/runner/work/Notify-Webhook/Notify-Webhook/backend/src/webhooks/webhooks.controller.ts","statementMap":{"0":{"start":{"line":1,"column":0},"end":{"line":1,"column":105}},"1":{"start":{"line":2,"column":0},"end":{"line":2,"column":79}},"2":{"start":{"line":3,"column":0},"end":{"line":3,"column":53}},"3":{"start":{"line":4,"column":0},"end":{"line":4,"column":83}},"4":{"start":{"line":8,"column":7},"end":{"line":73,"column":null}},"5":{"start":{"line":9,"column":31},"end":{"line":9,"column":48}},"6":{"start":{"line":19,"column":4},"end":{"line":19,"column":57}},"7":{"start":{"line":30,"column":4},"end":{"line":30,"column":42}},"8":{"start":{"line":39,"column":4},"end":{"line":39,"column":44}},"9":{"start":{"line":52,"column":4},"end":{"line":52,"column":61}},"10":{"start":{"line":62,"column":4},"end":{"line":62,"column":43}},"11":{"start":{"line":71,"column":4},"end":{"line":71,"column":53}},"12":{"start":{"line":8,"column":13},"end":{"line":8,"column":31}},"13":{"start":{"line":18,"column":2},"end":{"line":20,"column":null}},"14":{"start":{"line":29,"column":2},"end":{"line":31,"column":null}},"15":{"start":{"line":38,"column":2},"end":{"line":40,"column":null}},"16":{"start":{"line":51,"column":2},"end":{"line":53,"column":null}},"17":{"start":{"line":61,"column":2},"end":{"line":63,"column":null}},"18":{"start":{"line":70,"column":2},"end":{"line":72,"column":null}},"19":{"start":{"line":8,"column":13},"end":{"line":73,"column":null}}},"fnMap":{"0":{"name":"(anonymous_4)","decl":{"start":{"line":9,"column":2},"end":{"line":9,"column":31}},"loc":{"start":{"line":9,"column":63},"end":{"line":9,"column":67}}},"1":{"name":"(anonymous_5)","decl":{"start":{"line":18,"column":2},"end":{"line":18,"column":8}},"loc":{"start":{"line":18,"column":51},"end":{"line":20,"column":3}}},"2":{"name":"(anonymous_6)","decl":{"start":{"line":29,"column":2},"end":{"line":29,"column":9}},"loc":{"start":{"line":29,"column":9},"end":{"line":31,"column":3}}},"3":{"name":"(anonymous_7)","decl":{"start":{"line":38,"column":2},"end":{"line":38,"column":9}},"loc":{"start":{"line":38,"column":33},"end":{"line":40,"column":3}}},"4":{"name":"(anonymous_8)","decl":{"start":{"line":51,"column":2},"end":{"line":51,"column":8}},"loc":{"start":{"line":51,"column":76},"end":{"line":53,"column":3}}},"5":{"name":"(anonymous_9)","decl":{"start":{"line":61,"column":2},"end":{"line":61,"column":8}},"loc":{"start":{"line":61,"column":32},"end":{"line":63,"column":3}}},"6":{"name":"(anonymous_10)","decl":{"start":{"line":70,"column":2},"end":{"line":70,"column":9}},"loc":{"start":{"line":70,"column":55},"end":{"line":72,"column":3}}}},"branchMap":{},"s":{"0":1,"1":1,"2":1,"3":1,"4":1,"5":7,"6":1,"7":1,"8":1,"9":1,"10":1,"11":1,"12":1,"13":1,"14":1,"15":1,"16":1,"17":1,"18":1,"19":1},"f":{"0":7,"1":1,"2":1,"3":1,"4":1,"5":1,"6":1},"b":{}}
,"/home/runner/work/Notify-Webhook/Notify-Webhook/backend/src/webhooks/webhooks.module.ts": {"path":"/home/runner/work/Notify-Webhook/Notify-Webhook/backend/src/webhooks/webhooks.module.ts","statementMap":{"0":{"start":{"line":1,"column":0},"end":{"line":1,"column":40}},"1":{"start":{"line":2,"column":0},"end":{"line":2,"column":48}},"2":{"start":{"line":3,"column":0},"end":{"line":3,"column":59}},"3":{"start":{"line":4,"column":0},"end":{"line":4,"column":53}},"4":{"start":{"line":5,"column":0},"end":{"line":5,"column":52}},"5":{"start":{"line":13,"column":7},"end":{"line":13,"column":null}},"6":{"start":{"line":13,"column":13},"end":{"line":13,"column":27}},"7":{"start":{"line":13,"column":13},"end":{"line":13,"column":null}}},"fnMap":{},"branchMap":{},"s":{"0":0,"1":0,"2":0,"3":0,"4":0,"5":0,"6":0,"7":0},"f":{},"b":{}}
,"/home/runner/work/Notify-Webhook/Notify-Webhook/backend/src/webhooks/webhooks.service.ts": {"path":"/home/runner/work/Notify-Webhook/Notify-Webhook/backend/src/webhooks/webhooks.service.ts","statementMap":{"0":{"start":{"line":1,"column":0},"end":{"line":1,"column":63}},"1":{"start":{"line":2,"column":0},"end":{"line":2,"column":51}},"2":{"start":{"line":3,"column":0},"end":{"line":3,"column":37}},"3":{"start":{"line":4,"column":0},"end":{"line":4,"column":52}},"4":{"start":{"line":8,"column":7},"end":{"line":63,"column":null}},"5":{"start":{"line":11,"column":12},"end":{"line":11,"column":31}},"6":{"start":{"line":15,"column":20},"end":{"line":18,"column":6}},"7":{"start":{"line":20,"column":4},"end":{"line":20,"column":54}},"8":{"start":{"line":24,"column":4},"end":{"line":24,"column":47}},"9":{"start":{"line":28,"column":20},"end":{"line":28,"column":75}},"10":{"start":{"line":29,"column":4},"end":{"line":31,"column":5}},"11":{"start":{"line":30,"column":6},"end":{"line":30,"column":69}},"12":{"start":{"line":32,"column":4},"end":{"line":32,"column":19}},"13":{"start":{"line":36,"column":20},"end":{"line":36,"column":42}},"14":{"start":{"line":37,"column":4},"end":{"line":37,"column":45}},"15":{"start":{"line":38,"column":4},"end":{"line":38,"column":54}},"16":{"start":{"line":42,"column":19},"end":{"line":42,"column":58}},"17":{"start":{"line":43,"column":4},"end":{"line":45,"column":5}},"18":{"start":{"line":44,"column":6},"end":{"line":44,"column":69}},"19":{"start":{"line":50,"column":20},"end":{"line":50,"column":42}},"20":{"start":{"line":52,"column":4},"end":{"line":54,"column":5}},"21":{"start":{"line":53,"column":6},"end":{"line":53,"column":66}},"22":{"start":{"line":58,"column":4},"end":{"line":58,"column":76}},"23":{"start":{"line":59,"column":4},"end":{"line":59,"column":72}},"24":{"start":{"line":61,"column":4},"end":{"line":61,"column":72}},"25":{"start":{"line":8,"column":13},"end":{"line":8,"column":28}},"26":{"start":{"line":8,"column":13},"end":{"line":63,"column":null}}},"fnMap":{"0":{"name":"(anonymous_4)","decl":{"start":{"line":9,"column":2},"end":{"line":9,"column":null}},"loc":{"start":{"line":11,"column":50},"end":{"line":12,"column":6}}},"1":{"name":"(anonymous_5)","decl":{"start":{"line":14,"column":2},"end":{"line":14,"column":7}},"loc":{"start":{"line":14,"column":49},"end":{"line":21,"column":3}}},"2":{"name":"(anonymous_6)","decl":{"start":{"line":23,"column":2},"end":{"line":23,"column":7}},"loc":{"start":{"line":23,"column":15},"end":{"line":25,"column":3}}},"3":{"name":"(anonymous_7)","decl":{"start":{"line":27,"column":2},"end":{"line":27,"column":7}},"loc":{"start":{"line":27,"column":26},"end":{"line":33,"column":3}}},"4":{"name":"(anonymous_8)","decl":{"start":{"line":35,"column":2},"end":{"line":35,"column":7}},"loc":{"start":{"line":35,"column":61},"end":{"line":39,"column":3}}},"5":{"name":"(anonymous_9)","decl":{"start":{"line":41,"column":2},"end":{"line":41,"column":7}},"loc":{"start":{"line":41,"column":25},"end":{"line":46,"column":3}}},"6":{"name":"(anonymous_10)","decl":{"start":{"line":49,"column":2},"end":{"line":49,"column":7}},"loc":{"start":{"line":49,"column":40},"end":{"line":62,"column":3}}}},"branchMap":{"0":{"loc":{"start":{"line":29,"column":4},"end":{"line":31,"column":5}},"type":"if","locations":[{"start":{"line":29,"column":4},"end":{"line":31,"column":5}}]},"1":{"loc":{"start":{"line":43,"column":4},"end":{"line":45,"column":5}},"type":"if","locations":[{"start":{"line":43,"column":4},"end":{"line":45,"column":5}}]},"2":{"loc":{"start":{"line":52,"column":4},"end":{"line":54,"column":5}},"type":"if","locations":[{"start":{"line":52,"column":4},"end":{"line":54,"column":5}}]}},"s":{"0":4,"1":4,"2":4,"3":4,"4":4,"5":12,"6":1,"7":1,"8":1,"9":4,"10":4,"11":2,"12":2,"13":2,"14":1,"15":1,"16":2,"17":2,"18":1,"19":3,"20":2,"21":1,"22":1,"23":1,"24":1,"25":4,"26":4},"f":{"0":12,"1":1,"2":1,"3":4,"4":2,"5":2,"6":3},"b":{"0":[2],"1":[1],"2":[1]}}
,"/home/runner/work/Notify-Webhook/Notify-Webhook/backend/src/webhooks/dto/webhook.dto.ts": {"path":"/home/runner/work/Notify-Webhook/Notify-Webhook/backend/src/webhooks/dto/webhook.dto.ts","statementMap":{"0":{"start":{"line":1,"column":0},"end":{"line":1,"column":46}},"1":{"start":{"line":3,"column":0},"end":{"line":3,"column":null}},"2":{"start":{"line":4,"column":2},"end":{"line":4,"column":null}},"3":{"start":{"line":5,"column":2},"end":{"line":5,"column":null}},"4":{"start":{"line":6,"column":2},"end":{"line":6,"column":null}},"5":{"start":{"line":9,"column":0},"end":{"line":9,"column":13}},"6":{"start":{"line":14,"column":2},"end":{"line":14,"column":null}},"7":{"start":{"line":20,"column":2},"end":{"line":20,"column":null}},"8":{"start":{"line":26,"column":2},"end":{"line":26,"column":null}},"9":{"start":{"line":32,"column":2},"end":{"line":32,"column":null}},"10":{"start":{"line":40,"column":2},"end":{"line":40,"column":null}},"11":{"start":{"line":50,"column":2},"end":{"line":50,"column":null}},"12":{"start":{"line":56,"column":2},"end":{"line":56,"column":null}},"13":{"start":{"line":62,"column":2},"end":{"line":62,"column":null}},"14":{"start":{"line":65,"column":0},"end":{"line":65,"column":13}},"15":{"start":{"line":70,"column":2},"end":{"line":70,"column":null}},"16":{"start":{"line":77,"column":2},"end":{"line":77,"column":null}},"17":{"start":{"line":85,"column":2},"end":{"line":85,"column":null}},"18":{"start":{"line":99,"column":2},"end":{"line":99,"column":null}},"19":{"start":{"line":102,"column":0},"end":{"line":102,"column":13}},"20":{"start":{"line":104,"column":2},"end":{"line":104,"column":null}},"21":{"start":{"line":107,"column":2},"end":{"line":107,"column":null}},"22":{"start":{"line":113,"column":2},"end":{"line":113,"column":null}},"23":{"start":{"line":121,"column":2},"end":{"line":121,"column":null}},"24":{"start":{"line":127,"column":2},"end":{"line":127,"column":null}}},"fnMap":{"0":{"name":"(anonymous_2)","decl":{"start":{"line":3,"column":0},"end":{"line":3,"column":12}},"loc":{"start":{"line":3,"column":32},"end":{"line":7,"column":1}}}},"branchMap":{"0":{"loc":{"start":{"line":3,"column":12},"end":{"line":3,"column":null}},"type":"binary-expr","locations":[{"start":{"line":3,"column":12},"end":{"line":3,"column":32}},{"start":{"line":3,"column":32},"end":{"line":3,"column":null}}]}},"s":{"0":4,"1":4,"2":4,"3":4,"4":4,"5":4,"6":4,"7":4,"8":4,"9":4,"10":4,"11":4,"12":4,"13":4,"14":4,"15":4,"16":4,"17":4,"18":4,"19":4,"20":4,"21":4,"22":4,"23":4,"24":4},"f":{"0":4},"b":{"0":[4,4]}}
,"/home/runner/work/Notify-Webhook/Notify-Webhook/backend/src/webhooks/entities/webhook.entity.ts": {"path":"/home/runner/work/Notify-Webhook/Notify-Webhook/backend/src/webhooks/entities/webhook.entity.ts","statementMap":{"0":{"start":{"line":1,"column":0},"end":{"line":1,"column":101}},"1":{"start":{"line":5,"column":7},"end":{"line":35,"column":null}},"2":{"start":{"line":31,"column":4},"end":{"line":33,"column":5}},"3":{"start":{"line":32,"column":6},"end":{"line":32,"column":35}},"4":{"start":{"line":5,"column":13},"end":{"line":5,"column":20}},"5":{"start":{"line":7,"column":2},"end":{"line":7,"column":null}},"6":{"start":{"line":10,"column":2},"end":{"line":10,"column":null}},"7":{"start":{"line":13,"column":2},"end":{"line":13,"column":null}},"8":{"start":{"line":16,"column":2},"end":{"line":16,"column":null}},"9":{"start":{"line":19,"column":2},"end":{"line":19,"column":null}},"10":{"start":{"line":22,"column":2},"end":{"line":22,"column":null}},"11":{"start":{"line":25,"column":2},"end":{"line":25,"column":null}},"12":{"start":{"line":28,"column":2},"end":{"line":28,"column":null}},"13":{"start":{"line":5,"column":13},"end":{"line":35,"column":null}}},"fnMap":{"0":{"name":"(anonymous_2)","decl":{"start":{"line":30,"column":2},"end":{"line":30,"column":14}},"loc":{"start":{"line":30,"column":40},"end":{"line":34,"column":3}}}},"branchMap":{"0":{"loc":{"start":{"line":31,"column":4},"end":{"line":33,"column":5}},"type":"if","locations":[{"start":{"line":31,"column":4},"end":{"line":33,"column":5}}]}},"s":{"0":4,"1":4,"2":1,"3":1,"4":4,"5":4,"6":4,"7":4,"8":4,"9":4,"10":4,"11":4,"12":4,"13":4},"f":{"0":1},"b":{"0":[1]}}
}
