TN:
SF:src/app.controller.ts
FN:6,(anonymous_2)
FN:9,(anonymous_3)
FNF:2
FNH:2
FNDA:1,(anonymous_2)
FNDA:1,(anonymous_3)
DA:1,1
DA:2,1
DA:5,1
DA:6,1
DA:9,1
DA:10,1
LF:6
LH:6
BRF:0
BRH:0
end_of_record
TN:
SF:src/app.module.ts
FN:21,(anonymous_1)
FNF:1
FNH:0
FNDA:0,(anonymous_1)
DA:1,0
DA:2,0
DA:3,0
DA:4,0
DA:5,0
DA:6,0
DA:7,0
DA:8,0
DA:9,0
DA:22,0
DA:23,0
DA:43,0
LF:12
LH:0
BRF:0
BRH:0
end_of_record
TN:
SF:src/app.service.ts
FN:5,(anonymous_1)
FNF:1
FNH:1
FNDA:1,(anonymous_1)
DA:1,1
DA:4,1
DA:6,1
LF:3
LH:3
BRF:0
BRH:0
end_of_record
TN:
SF:src/main.ts
FN:7,bootstrap
FNF:1
FNH:0
FNDA:0,bootstrap
DA:1,0
DA:2,0
DA:3,0
DA:4,0
DA:8,0
DA:9,0
DA:12,0
DA:13,0
DA:14,0
DA:15,0
DA:16,0
DA:19,0
DA:26,0
DA:27,0
DA:29,0
DA:62,0
DA:63,0
DA:81,0
DA:83,0
DA:86,0
DA:87,0
DA:88,0
DA:89,0
DA:91,0
LF:24
LH:0
BRDA:26,0,0,0
BRDA:26,0,1,0
BRDA:68,1,0,0
BRDA:68,1,1,0
BRDA:68,2,0,0
BRDA:68,2,1,0
BRF:6
BRH:0
end_of_record
TN:
SF:src/config/configuration.ts
FN:12,(anonymous_0)
FN:31,(anonymous_1)
FN:46,(anonymous_2)
FN:57,(anonymous_3)
FN:59,(anonymous_4)
FN:71,(anonymous_5)
FNF:6
FNH:0
FNDA:0,(anonymous_0)
FNDA:0,(anonymous_1)
FNDA:0,(anonymous_2)
FNDA:0,(anonymous_3)
FNDA:0,(anonymous_4)
FNDA:0,(anonymous_5)
DA:1,0
DA:2,0
DA:12,0
DA:13,0
DA:15,0
DA:31,0
DA:32,0
DA:34,0
DA:46,0
DA:47,0
DA:49,0
DA:57,0
DA:58,0
DA:59,0
DA:61,0
DA:69,0
DA:71,0
LF:17
LH:0
BRDA:13,0,0,0
BRDA:13,0,1,0
BRDA:16,1,0,0
BRDA:16,1,1,0
BRDA:18,2,0,0
BRDA:18,2,1,0
BRDA:21,3,0,0
BRDA:21,3,1,0
BRDA:22,4,0,0
BRDA:22,4,1,0
BRDA:25,5,0,0
BRDA:25,5,1,0
BRDA:32,6,0,0
BRDA:32,6,1,0
BRDA:35,7,0,0
BRDA:35,7,1,0
BRDA:40,8,0,0
BRDA:40,8,1,0
BRDA:41,9,0,0
BRDA:41,9,1,0
BRDA:42,10,0,0
BRDA:42,10,1,0
BRDA:47,11,0,0
BRDA:47,11,1,0
BRDA:50,12,0,0
BRDA:50,12,1,0
BRDA:53,13,0,0
BRDA:53,13,1,0
BRDA:58,14,0,0
BRDA:58,14,1,0
BRDA:63,15,0,0
BRDA:63,15,1,0
BRDA:72,16,0,0
BRDA:72,16,1,0
BRDA:73,17,0,0
BRDA:73,17,1,0
BRDA:74,18,0,0
BRDA:74,18,1,0
BRF:38
BRH:0
end_of_record
TN:
SF:src/config/env.constants.ts
FN:79,shouldEnableApiDocs
FN:87,shouldSynchronizeDb
FN:95,shouldEnableDbLogging
FNF:3
FNH:0
FNDA:0,shouldEnableApiDocs
FNDA:0,shouldSynchronizeDb
FNDA:0,shouldEnableDbLogging
DA:6,0
DA:41,0
DA:49,0
DA:71,0
DA:79,0
DA:81,0
DA:87,0
DA:89,0
DA:95,0
DA:97,0
LF:10
LH:0
BRF:0
BRH:0
end_of_record
TN:
SF:src/config/env.validation.ts
FN:8,validateEnv
FNF:1
FNH:0
FNDA:0,validateEnv
DA:2,0
DA:3,0
DA:8,0
DA:9,0
DA:12,0
DA:13,0
DA:14,0
DA:18,0
DA:19,0
DA:23,0
DA:24,0
DA:25,0
DA:26,0
DA:27,0
DA:31,0
DA:32,0
DA:33,0
DA:34,0
DA:38,0
DA:45,0
DA:46,0
DA:47,0
DA:48,0
DA:52,0
DA:58,0
LF:25
LH:0
BRDA:13,0,0,0
BRDA:18,1,0,0
BRDA:23,2,0,0
BRDA:23,2,1,0
BRDA:25,3,0,0
BRDA:32,4,0,0
BRDA:32,5,0,0
BRDA:32,5,1,0
BRDA:32,5,2,0
BRDA:32,5,3,0
BRDA:47,6,0,0
BRDA:47,7,0,0
BRDA:47,7,1,0
BRDA:60,8,0,0
BRDA:60,8,1,0
BRF:15
BRH:0
end_of_record
TN:
SF:src/config/index.ts
FNF:0
FNH:0
DA:1,0
DA:2,0
DA:3,0
DA:4,0
LF:4
LH:0
BRF:0
BRH:0
end_of_record
TN:
SF:src/notifications/notifications.controller.ts
FN:9,(anonymous_4)
FN:20,(anonymous_5)
FNF:2
FNH:2
FNDA:3,(anonymous_4)
FNDA:2,(anonymous_5)
DA:1,1
DA:2,1
DA:3,1
DA:4,1
DA:8,1
DA:9,3
DA:20,1
DA:21,2
LF:8
LH:8
BRF:0
BRH:0
end_of_record
TN:
SF:src/notifications/notifications.module.ts
FN:7,(anonymous_1)
FNF:1
FNH:0
FNDA:0,(anonymous_1)
DA:1,0
DA:2,0
DA:3,0
DA:4,0
DA:7,0
DA:12,0
LF:6
LH:0
BRF:0
BRH:0
end_of_record
TN:
SF:src/notifications/notifications.service.ts
FN:22,(anonymous_4)
FN:27,(anonymous_5)
FN:76,(anonymous_6)
FN:92,(anonymous_7)
FN:98,(anonymous_8)
FN:104,(anonymous_9)
FN:23,(anonymous_10)
FNF:7
FNH:6
FNDA:7,(anonymous_4)
FNDA:6,(anonymous_5)
FNDA:4,(anonymous_6)
FNDA:3,(anonymous_7)
FNDA:0,(anonymous_8)
FNDA:1,(anonymous_9)
FNDA:7,(anonymous_10)
DA:1,2
DA:2,2
DA:4,2
DA:21,2
DA:23,7
DA:24,7
DA:28,6
DA:29,6
DA:31,6
DA:32,6
DA:34,5
DA:35,1
DA:42,4
DA:43,4
DA:46,4
DA:47,4
DA:48,4
DA:54,4
DA:56,0
DA:63,4
DA:69,1
DA:78,4
DA:80,4
DA:82,3
DA:84,0
DA:86,1
DA:88,0
DA:94,3
DA:95,3
DA:100,0
DA:101,0
DA:106,1
DA:107,1
LF:33
LH:28
BRDA:34,0,0,1
BRDA:42,1,0,4
BRDA:42,1,1,2
BRDA:51,2,0,4
BRDA:51,2,1,3
BRDA:52,3,0,4
BRDA:52,3,1,0
BRDA:58,4,0,0
BRDA:58,4,1,0
BRDA:71,5,0,1
BRDA:71,5,1,0
BRDA:80,6,0,3
BRDA:80,6,1,0
BRDA:80,6,2,1
BRDA:80,6,3,0
BRF:15
BRH:9
end_of_record
TN:
SF:src/notifications/dto/notification.dto.ts
FNF:0
FNH:0
DA:1,1
DA:2,1
DA:4,1
DA:9,1
DA:15,1
DA:22,1
DA:31,1
DA:42,1
DA:45,1
DA:50,1
DA:56,1
DA:69,1
LF:12
LH:12
BRF:0
BRH:0
end_of_record
TN:
SF:src/webhooks/webhooks.controller.ts
FN:9,(anonymous_4)
FN:18,(anonymous_5)
FN:29,(anonymous_6)
FN:38,(anonymous_7)
FN:51,(anonymous_8)
FN:61,(anonymous_9)
FN:70,(anonymous_10)
FNF:7
FNH:7
FNDA:7,(anonymous_4)
FNDA:1,(anonymous_5)
FNDA:1,(anonymous_6)
FNDA:1,(anonymous_7)
FNDA:1,(anonymous_8)
FNDA:1,(anonymous_9)
FNDA:1,(anonymous_10)
DA:1,1
DA:2,1
DA:3,1
DA:4,1
DA:8,1
DA:9,7
DA:18,1
DA:19,1
DA:29,1
DA:30,1
DA:38,1
DA:39,1
DA:51,1
DA:52,1
DA:61,1
DA:62,1
DA:70,1
DA:71,1
LF:18
LH:18
BRF:0
BRH:0
end_of_record
TN:
SF:src/webhooks/webhooks.module.ts
FNF:0
FNH:0
DA:1,0
DA:2,0
DA:3,0
DA:4,0
DA:5,0
DA:13,0
LF:6
LH:0
BRF:0
BRH:0
end_of_record
TN:
SF:src/webhooks/webhooks.service.ts
FN:9,(anonymous_4)
FN:14,(anonymous_5)
FN:23,(anonymous_6)
FN:27,(anonymous_7)
FN:35,(anonymous_8)
FN:41,(anonymous_9)
FN:49,(anonymous_10)
FNF:7
FNH:7
FNDA:12,(anonymous_4)
FNDA:1,(anonymous_5)
FNDA:1,(anonymous_6)
FNDA:4,(anonymous_7)
FNDA:2,(anonymous_8)
FNDA:2,(anonymous_9)
FNDA:3,(anonymous_10)
DA:1,4
DA:2,4
DA:3,4
DA:4,4
DA:8,4
DA:11,12
DA:15,1
DA:20,1
DA:24,1
DA:28,4
DA:29,4
DA:30,2
DA:32,2
DA:36,2
DA:37,1
DA:38,1
DA:42,2
DA:43,2
DA:44,1
DA:50,3
DA:52,2
DA:53,1
DA:58,1
DA:59,1
DA:61,1
LF:25
LH:25
BRDA:29,0,0,2
BRDA:43,1,0,1
BRDA:52,2,0,1
BRF:3
BRH:3
end_of_record
TN:
SF:src/webhooks/dto/webhook.dto.ts
FN:3,(anonymous_2)
FNF:1
FNH:1
FNDA:4,(anonymous_2)
DA:1,4
DA:3,4
DA:4,4
DA:5,4
DA:6,4
DA:9,4
DA:14,4
DA:20,4
DA:26,4
DA:32,4
DA:40,4
DA:50,4
DA:56,4
DA:62,4
DA:65,4
DA:70,4
DA:77,4
DA:85,4
DA:99,4
DA:102,4
DA:104,4
DA:107,4
DA:113,4
DA:121,4
DA:127,4
LF:25
LH:25
BRDA:3,0,0,4
BRDA:3,0,1,4
BRF:2
BRH:2
end_of_record
TN:
SF:src/webhooks/entities/webhook.entity.ts
FN:30,(anonymous_2)
FNF:1
FNH:1
FNDA:1,(anonymous_2)
DA:1,4
DA:5,4
DA:7,4
DA:10,4
DA:13,4
DA:16,4
DA:19,4
DA:22,4
DA:25,4
DA:28,4
DA:31,1
DA:32,1
LF:12
LH:12
BRDA:31,0,0,1
BRF:1
BRH:1
end_of_record
